<?xml version="1.0" encoding="UTF-8"?>
<coverage generated="1726817087458" clover="3.2.0">
  <project timestamp="1726817087458" name="All files">
    <metrics statements="15" coveredstatements="15" conditionals="5" coveredconditionals="4" methods="3" coveredmethods="2" elements="23" coveredelements="21" complexity="0" loc="15" ncloc="15" packages="1" files="1" classes="1"/>
    <file name="usePetItem.ts" path="/Users/223047/Documents/WorkSpace/MINE/rsbuild-project/src/features/pet/components/pet-item/usePetItem.ts">
      <metrics statements="15" coveredstatements="15" conditionals="5" coveredconditionals="4" methods="3" coveredmethods="2"/>
      <line num="1" count="1" type="stmt"/>
      <line num="2" count="1" type="stmt"/>
      <line num="3" count="1" type="stmt"/>
      <line num="4" count="1" type="stmt"/>
      <line num="5" count="1" type="stmt"/>
      <line num="6" count="1" type="stmt"/>
      <line num="7" count="1" type="stmt"/>
      <line num="8" count="1" type="cond" truecount="1" falsecount="0"/>
      <line num="9" count="2" type="stmt"/>
      <line num="10" count="2" type="stmt"/>
      <line num="11" count="2" type="cond" truecount="1" falsecount="0"/>
      <line num="12" count="2" type="cond" truecount="2" falsecount="1"/>
      <line num="13" count="2" type="stmt"/>
      <line num="14" count="2" type="stmt"/>
      <line num="15" count="2" type="stmt"/>
    </file>
  </project>
</coverage>
