{"/Users/223047/Documents/WorkSpace/MINE/rsbuild-project/src/features/pet/components/pet-item/usePetItem.ts": {"path":"/Users/223047/Documents/WorkSpace/MINE/rsbuild-project/src/features/pet/components/pet-item/usePetItem.ts","all":false,"statementMap":{"0":{"start":{"line":1,"column":0},"end":{"line":1,"column":55}},"1":{"start":{"line":2,"column":0},"end":{"line":2,"column":0}},"2":{"start":{"line":3,"column":0},"end":{"line":3,"column":35}},"3":{"start":{"line":4,"column":0},"end":{"line":4,"column":20}},"4":{"start":{"line":5,"column":0},"end":{"line":5,"column":15}},"5":{"start":{"line":6,"column":0},"end":{"line":6,"column":17}},"6":{"start":{"line":7,"column":0},"end":{"line":7,"column":2}},"7":{"start":{"line":8,"column":0},"end":{"line":8,"column":59}},"8":{"start":{"line":9,"column":0},"end":{"line":9,"column":39}},"9":{"start":{"line":10,"column":0},"end":{"line":10,"column":40}},"10":{"start":{"line":11,"column":0},"end":{"line":11,"column":68}},"11":{"start":{"line":12,"column":0},"end":{"line":12,"column":64}},"12":{"start":{"line":13,"column":0},"end":{"line":13,"column":63}},"13":{"start":{"line":14,"column":0},"end":{"line":14,"column":41}},"14":{"start":{"line":15,"column":0},"end":{"line":15,"column":2}}},"s":{"0":1,"1":1,"2":1,"3":1,"4":1,"5":1,"6":1,"7":1,"8":2,"9":2,"10":2,"11":2,"12":2,"13":2,"14":2},"branchMap":{"0":{"type":"branch","line":8,"loc":{"start":{"line":8,"column":26},"end":{"line":15,"column":2}},"locations":[{"start":{"line":8,"column":26},"end":{"line":15,"column":2}}]},"1":{"type":"branch","line":11,"loc":{"start":{"line":11,"column":27},"end":{"line":11,"column":51}},"locations":[{"start":{"line":11,"column":27},"end":{"line":11,"column":51}}]},"2":{"type":"branch","line":12,"loc":{"start":{"line":12,"column":17},"end":{"line":12,"column":63}},"locations":[{"start":{"line":12,"column":17},"end":{"line":12,"column":63}}]},"3":{"type":"branch","line":12,"loc":{"start":{"line":12,"column":32},"end":{"line":12,"column":62}},"locations":[{"start":{"line":12,"column":32},"end":{"line":12,"column":62}}]},"4":{"type":"branch","line":12,"loc":{"start":{"line":12,"column":58},"end":{"line":12,"column":61}},"locations":[{"start":{"line":12,"column":58},"end":{"line":12,"column":61}}]}},"b":{"0":[2],"1":[2],"2":[1],"3":[1],"4":[0]},"fnMap":{"0":{"name":"usePetItem","decl":{"start":{"line":8,"column":26},"end":{"line":15,"column":2}},"loc":{"start":{"line":8,"column":26},"end":{"line":15,"column":2}},"line":8},"1":{"name":"addPet","decl":{"start":{"line":12,"column":17},"end":{"line":12,"column":63}},"loc":{"start":{"line":12,"column":17},"end":{"line":12,"column":63}},"line":12},"2":{"name":"reducePet","decl":{"start":{"line":13,"column":20},"end":{"line":13,"column":62}},"loc":{"start":{"line":13,"column":20},"end":{"line":13,"column":62}},"line":13}},"f":{"0":2,"1":1,"2":0}}
}
